# JRE version: Java(TM) SE Runtime Environment (8.0_144-b01) (build 1.8.0_144-b01)
# Java VM: Java HotSpot(TM) 64-Bit Server VM (25.144-b01 mixed mode windows-amd64 compressed oops)
Heap:
 PSYoungGen      total 38400K, used 4009K [0x00000000d5f80000, 0x00000000d8a00000, 0x0000000100000000)
  eden space 33280K, 12% used [0x00000000d5f80000,0x00000000d636a488,0x00000000d8000000)
  from space 5120K, 0% used [0x00000000d8000000,0x00000000d8000000,0x00000000d8500000)
  to   space 5120K, 0% used [0x00000000d8500000,0x00000000d8500000,0x00000000d8a00000)
 ParOldGen       total 63488K, used 920K [0x0000000081e00000, 0x0000000085c00000, 0x00000000d5f80000)
  object space 63488K, 1% used [0x0000000081e00000,0x0000000081ee6318,0x0000000085c00000)
 Metaspace       used 8353K, capacity 8546K, committed 8832K, reserved 1060864K
  class space    used 994K, capacity 1060K, committed 1152K, reserved 1048576K
GC Heap History (4 events):
Event: 0.164 GC heap before
{Heap before GC invocations=1 (full 0):
 PSYoungGen      total 38400K, used 3331K [0x00000000d5f80000, 0x00000000d8a00000, 0x0000000100000000)
  eden space 33280K, 10% used [0x00000000d5f80000,0x00000000d62c0d70,0x00000000d8000000)
  from space 5120K, 0% used [0x00000000d8500000,0x00000000d8500000,0x00000000d8a00000)
  to   space 5120K, 0% used [0x00000000d8000000,0x00000000d8000000,0x00000000d8500000)
 ParOldGen       total 87552K, used 0K [0x0000000081e00000, 0x0000000087380000, 0x00000000d5f80000)
  object space 87552K, 0% used [0x0000000081e00000,0x0000000081e00000,0x0000000087380000)
 Metaspace       used 5385K, capacity 5520K, committed 5632K, reserved 1060864K
  class space    used 611K, capacity 689K, committed 768K, reserved 1048576K
Event: 0.165 GC heap after
Heap after GC invocations=1 (full 0):
 PSYoungGen      total 38400K, used 1048K [0x00000000d5f80000, 0x00000000d8a00000, 0x0000000100000000)
  eden space 33280K, 0% used [0x00000000d5f80000,0x00000000d5f80000,0x00000000d8000000)
  from space 5120K, 20% used [0x00000000d8000000,0x00000000d8106010,0x00000000d8500000)
  to   space 5120K, 0% used [0x00000000d8500000,0x00000000d8500000,0x00000000d8a00000)
 ParOldGen       total 87552K, used 8K [0x0000000081e00000, 0x0000000087380000, 0x00000000d5f80000)
  object space 87552K, 0% used [0x0000000081e00000,0x0000000081e02000,0x0000000087380000)
 Metaspace       used 5385K, capacity 5520K, committed 5632K, reserved 1060864K
  class space    used 611K, capacity 689K, committed 768K, reserved 1048576K
}
Event: 0.165 GC heap before
{Heap before GC invocations=2 (full 1):
 PSYoungGen      total 38400K, used 1048K [0x00000000d5f80000, 0x00000000d8a00000, 0x0000000100000000)
  eden space 33280K, 0% used [0x00000000d5f80000,0x00000000d5f80000,0x00000000d8000000)
  from space 5120K, 20% used [0x00000000d8000000,0x00000000d8106010,0x00000000d8500000)
  to   space 5120K, 0% used [0x00000000d8500000,0x00000000d8500000,0x00000000d8a00000)
 ParOldGen       total 87552K, used 8K [0x0000000081e00000, 0x0000000087380000, 0x00000000d5f80000)
  object space 87552K, 0% used [0x0000000081e00000,0x0000000081e02000,0x0000000087380000)
 Metaspace       used 5385K, capacity 5520K, committed 5632K, reserved 1060864K
  class space    used 611K, capacity 689K, committed 768K, reserved 1048576K
Event: 0.172 GC heap after
Heap after GC invocations=2 (full 1):
 PSYoungGen      total 38400K, used 0K [0x00000000d5f80000, 0x00000000d8a00000, 0x0000000100000000)
  eden space 33280K, 0% used [0x00000000d5f80000,0x00000000d5f80000,0x00000000d8000000)
  from space 5120K, 0% used [0x00000000d8000000,0x00000000d8000000,0x00000000d8500000)
  to   space 5120K, 0% used [0x00000000d8500000,0x00000000d8500000,0x00000000d8a00000)
 ParOldGen       total 63488K, used 920K [0x0000000081e00000, 0x0000000085c00000, 0x00000000d5f80000)
  object space 63488K, 1% used [0x0000000081e00000,0x0000000081ee6318,0x0000000085c00000)
 Metaspace       used 5385K, capacity 5520K, committed 5632K, reserved 1058816K
  class space    used 611K, capacity 689K, committed 768K, reserved 1048576K
}

